<?xml version="1.0" encoding="UTF-8"?>
<!-- Generated by org.testng.reporters.JUnitReportReporter -->
<testsuite hostname="pruthvi007" failures="0" tests="1" name="module_PBLogin1Test.PBVerifyPFName" time="22.631" errors="0" timestamp="2022-12-26T17:37:03 IST" skipped="0">
  <testcase classname="module_PBLogin1Test.PBVerifyPFName" name="verifyPFName" time="22.631"/>
  <system-out/>
</testsuite> <!-- module_PBLogin1Test.PBVerifyPFName -->
